<?xml version="1.0" encoding="UTF-8"?>
<!-- Generated by org.testng.reporters.JUnitReportReporter -->
<testsuite hostname="DESKTOP-H586KPP" failures="0" tests="1" name="com.demo.amazon.ProjectAmazon.HomePageTestCases" time="6.129" errors="0" timestamp="2025-09-05T11:21:19 IST" skipped="0">
  <testcase classname="com.demo.amazon.ProjectAmazon.HomePageTestCases" name="goToLoginPage" time="6.129">
    <system-out>
      <![CDATA[Moved to the element Accounts & Lists...
Clicked on Sign In button...
Header text Sign in or create account is visible...]]>
    </system-out>
  </testcase> <!-- goToLoginPage -->
  <system-out>
    <![CDATA[Moved to the element Accounts & Lists...
Clicked on Sign In button...
Header text Sign in or create account is visible...
Mobile or Email is entered...
Continue button clicked...]]>
  </system-out>
</testsuite> <!-- com.demo.amazon.ProjectAmazon.HomePageTestCases -->
