<?xml version="1.0" encoding="UTF-8"?>
<!-- Generated by org.testng.reporters.JUnitReportReporter -->
<testsuite hostname="DESKTOP-H586KPP" failures="0" tests="1" name="com.demo.amazon.ProjectAmazon.AmzAddToCartToPayment" time="57.935" errors="0" timestamp="2025-09-17T12:49:22 IST" skipped="0">
  <testcase classname="com.demo.amazon.ProjectAmazon.AmzAddToCartToPayment" name="verifyCheckoutProcess" time="57.935">
    <system-out>
      <![CDATA[Moved to Accounts and List...
Clicked on Sign In button...
Mobile number entered...
Clicked on Continue button...
Password entered...
Clicked on Sign In button...
Searched for product iPhone...
Clicked on 1st product from search result...
Clicked on Proceed To Buy button...
Clicked on the Card Radio Button...
Clicked on the Add New Card Link...]]>
    </system-out>
  </testcase> <!-- verifyCheckoutProcess -->
  <system-out>
    <![CDATA[Moved to Accounts and List...
Clicked on Sign In button...
Mobile number entered...
Clicked on Continue button...
Password entered...
Clicked on Sign In button...
Searched for product iPhone...
Clicked on 1st product from search result...
Clicked on Proceed To Buy button...
Clicked on the Card Radio Button...
Clicked on the Add New Card Link...]]>
  </system-out>
</testsuite> <!-- com.demo.amazon.ProjectAmazon.AmzAddToCartToPayment -->
