<?xml version="1.0" encoding="UTF-8"?>
<!-- Generated by org.testng.reporters.JUnitReportReporter -->
<testsuite hostname="DESKTOP-H586KPP" failures="0" tests="1" name="com.demo.amazon.ProjectAmazon.AmzWishListToAddToCart" time="65.028" errors="0" timestamp="2025-09-08T11:40:28 IST" skipped="0">
  <testcase classname="com.demo.amazon.ProjectAmazon.AmzWishListToAddToCart" name="fromAddToWishListToAddToCart" time="65.028">
    <system-out>
      <![CDATA[Moved to the element Accounts & Lists...
Clicked on Sign In button...
Mobile or Email is entered...
Continue button is clicked...
Password is entered...
SignIn button is clicked...
Searching Product...
Clicked on the product...
Clicked on Add To WishList Button...
Pop-up closed...
Moved to the element Accounts & Lists...
Clicked on Your Wish List button...
Clicked on Add To Cart button...
Moved to the element Accounts & Lists...
Clicked on Sign Out button...]]>
    </system-out>
  </testcase> <!-- fromAddToWishListToAddToCart -->
  <system-out>
    <![CDATA[Moved to the element Accounts & Lists...
Clicked on Sign In button...
Mobile or Email is entered...
Continue button is clicked...
Password is entered...
SignIn button is clicked...
Moved to the element Accounts & Lists...
Clicked on Sign Out button...
Moved to the element Accounts & Lists...
Clicked on Sign In button...
Mobile or Email is entered...
Continue button is clicked...
Password is entered...
SignIn button is clicked...
Searching Product...
Clicked on the product...
Clicked on Add To WishList Button...
Pop-up closed...
Moved to the element Accounts & Lists...
Clicked on Your Wish List button...
Clicked on Add To Cart button...
Moved to the element Accounts & Lists...
Clicked on Sign Out button...]]>
  </system-out>
</testsuite> <!-- com.demo.amazon.ProjectAmazon.AmzWishListToAddToCart -->
