<?xml version="1.0" encoding="UTF-8"?>
<!-- Generated by org.testng.reporters.JUnitReportReporter -->
<testsuite hostname="DESKTOP-H586KPP" failures="0" tests="1" name="com.demo.amazon.ProjectAmazon.AmzLoginAndLogout" time="24.195" errors="0" timestamp="2025-09-20T16:44:11 IST" skipped="0">
  <testcase classname="com.demo.amazon.ProjectAmazon.AmzLoginAndLogout" name="performLoginAndLogout" time="24.195">
    <system-out>
      <![CDATA[Moved to Accounts and List...
Clicked on Sign In button...
Mobile number entered...
Clicked on Continue button...
Password entered...
Clicked on Sign In button...
Moved to Accounts and List...
Moved to Accounts and List...
Clicked on Sign Out button...]]>
    </system-out>
  </testcase> <!-- performLoginAndLogout -->
  <system-out>
    <![CDATA[Moved to Accounts and List...
Clicked on Sign In button...
Mobile number entered...
Clicked on Continue button...
Password entered...
Clicked on Sign In button...
Moved to Accounts and List...
Moved to Accounts and List...
Clicked on Sign Out button...]]>
  </system-out>
</testsuite> <!-- com.demo.amazon.ProjectAmazon.AmzLoginAndLogout -->
