<?xml version="1.0" encoding="UTF-8"?>
<!-- Generated by org.testng.reporters.JUnitReportReporter -->
<testsuite hostname="DESKTOP-H586KPP" failures="0" tests="1" name="com.demo.amazon.ProjectAmazon.AmzLoginAndLogout" time="16.158" errors="0" timestamp="2025-09-19T21:06:16 IST" skipped="0">
  <testcase classname="com.demo.amazon.ProjectAmazon.AmzLoginAndLogout" name="performLoginAndLogout" time="16.158">
    <system-out>
      <![CDATA[Moved to Accounts and List...
Clicked on Sign In button...
Mobile number entered...
Clicked on Continue button...
Password entered...
Clicked on Sign In button...
Moved to Accounts and List...
Clicked on Sign Out button...]]>
    </system-out>
  </testcase> <!-- performLoginAndLogout -->
  <system-out>
    <![CDATA[Moved to Accounts and List...
Clicked on Sign In button...
Mobile number entered...
Clicked on Continue button...
Password entered...
Clicked on Sign In button...
Moved to Accounts and List...
Clicked on Sign Out button...
Moved to Accounts and List...
Clicked on Sign In button...
Mobile number entered...
Clicked on Continue button...
Password entered...
Clicked on Sign In button...
Searched for product xiaomi...
Clicked on 1st product from search result...
Clicked on Add To Wish List button...
Pop-up closed...
Moved to Accounts and List...
Clicked on Your Wish List button...
Product added to the cart...
Clicked on Cart Icon...
Product deleted from the cart...
Moved to Accounts and List...
Clicked on Sign In button...
Mobile number entered...
Clicked on Continue button...
Password entered...
Clicked on Sign In button...
Searched for product xiaomi...
Clicked on 1st product from search result...
Clicked on Proceed To Buy button...
Clicked on the Card Radio Button...
Clicked on the Add New Card Link...]]>
  </system-out>
</testsuite> <!-- com.demo.amazon.ProjectAmazon.AmzLoginAndLogout -->
